<?xml version="1.0" encoding="UTF-8"?>
<testng-results skipped="0" failed="0" ignored="0" total="1" passed="1">
  <reporter-output>
  </reporter-output>
  <suite name="Surefire suite" duration-ms="46" started-at="2021-12-20T12:08:26 IST" finished-at="2021-12-20T12:08:26 IST">
    <groups>
    </groups>
    <test name="Surefire test" duration-ms="46" started-at="2021-12-20T12:08:26 IST" finished-at="2021-12-20T12:08:26 IST">
      <class name="Qualitest.qtrecog.AppTest">
        <test-method status="PASS" signature="shouldAnswerWithTrue()" name="shouldAnswerWithTrue" duration-ms="5" started-at="2021-12-20T12:08:26 IST" finished-at="2021-12-20T12:08:26 IST">
          <reporter-output>
          </reporter-output>
        </test-method> <!-- shouldAnswerWithTrue -->
      </class> <!-- Qualitest.qtrecog.AppTest -->
    </test> <!-- Surefire test -->
  </suite> <!-- Surefire suite -->
</testng-results>
